Copyright 1986-2020 Xilinx, Inc. All Rights Reserved.
----------------------------------------------------------------------------------------------------------------------------------------------------
| Tool Version     : Vivado v.2020.1 (win64) Build 2902540 Wed May 27 19:54:49 MDT 2020
| Date             : Fri Dec 19 00:06:47 2025
| Host             : DESKTOP-V8D55GU running 64-bit major release  (build 9200)
| Command          : report_power -file top_system_power_routed.rpt -pb top_system_power_summary_routed.pb -rpx top_system_power_routed.rpx
| Design           : top_system
| Device           : xc7a35tcpg236-1
| Design State     : routed
| Grade            : commercial
| Process          : typical
| Characterization : Production
----------------------------------------------------------------------------------------------------------------------------------------------------

Power Report

Table of Contents
-----------------
1. Summary
1.1 On-Chip Components
1.2 Power Supply Summary
1.3 Confidence Level
2. Settings
2.1 Environment
2.2 Clock Constraints
3. Detailed Reports
3.1 By Hierarchy

1. Summary
----------

+--------------------------+----------------------------------+
| Total On-Chip Power (W)  | 23.033 (Junction temp exceeded!) |
| Design Power Budget (W)  | Unspecified*                     |
| Power Budget Margin (W)  | NA                               |
| Dynamic (W)              | 22.520                           |
| Device Static (W)        | 0.513                            |
| Effective TJA (C/W)      | 5.0                              |
| Max Ambient (C)          | 0.0                              |
| Junction Temperature (C) | 125.0                            |
| Confidence Level         | Low                              |
| Setting File             | ---                              |
| Simulation Activity File | ---                              |
| Design Nets Matched      | NA                               |
+--------------------------+----------------------------------+
* Specify Design Power Budget using, set_operating_conditions -design_power_budget <value in Watts>


1.1 On-Chip Components
----------------------

+----------------+-----------+----------+-----------+-----------------+
| On-Chip        | Power (W) | Used     | Available | Utilization (%) |
+----------------+-----------+----------+-----------+-----------------+
| Slice Logic    |     2.492 |     1710 |       --- |             --- |
|   LUT as Logic |     2.070 |      819 |     20800 |            3.94 |
|   CARRY4       |     0.264 |      136 |      8150 |            1.67 |
|   Register     |     0.096 |      492 |     41600 |            1.18 |
|   F7/F8 Muxes  |     0.032 |       24 |     32600 |            0.07 |
|   BUFG         |     0.029 |        2 |        32 |            6.25 |
|   Others       |     0.000 |      161 |       --- |             --- |
| Signals        |     5.123 |     1795 |       --- |             --- |
| Block RAM      |     3.138 |     42.5 |        50 |           85.00 |
| DSPs           |     2.197 |        3 |        90 |            3.33 |
| I/O            |     9.569 |       34 |       106 |           32.08 |
| Static Power   |     0.513 |          |           |                 |
| Total          |    23.033 |          |           |                 |
+----------------+-----------+----------+-----------+-----------------+


1.2 Power Supply Summary
------------------------

+-----------+-------------+-----------+-------------+------------+-------------+-------------+------------+
| Source    | Voltage (V) | Total (A) | Dynamic (A) | Static (A) | Powerup (A) | Budget (A)  | Margin (A) |
+-----------+-------------+-----------+-------------+------------+-------------+-------------+------------+
| Vccint    |       1.000 |    13.074 |      12.720 |      0.354 |       NA    | Unspecified | NA         |
| Vccaux    |       1.800 |     0.403 |       0.350 |      0.053 |       NA    | Unspecified | NA         |
| Vcco33    |       3.300 |     2.702 |       2.701 |      0.001 |       NA    | Unspecified | NA         |
| Vcco25    |       2.500 |     0.000 |       0.000 |      0.000 |       NA    | Unspecified | NA         |
| Vcco18    |       1.800 |     0.000 |       0.000 |      0.000 |       NA    | Unspecified | NA         |
| Vcco15    |       1.500 |     0.000 |       0.000 |      0.000 |       NA    | Unspecified | NA         |
| Vcco135   |       1.350 |     0.000 |       0.000 |      0.000 |       NA    | Unspecified | NA         |
| Vcco12    |       1.200 |     0.000 |       0.000 |      0.000 |       NA    | Unspecified | NA         |
| Vccaux_io |       1.800 |     0.000 |       0.000 |      0.000 |       NA    | Unspecified | NA         |
| Vccbram   |       1.000 |     0.282 |       0.259 |      0.023 |       NA    | Unspecified | NA         |
| MGTAVcc   |       1.000 |     0.000 |       0.000 |      0.000 |       NA    | Unspecified | NA         |
| MGTAVtt   |       1.200 |     0.000 |       0.000 |      0.000 |       NA    | Unspecified | NA         |
| Vccadc    |       1.800 |     0.020 |       0.000 |      0.020 |       NA    | Unspecified | NA         |
+-----------+-------------+-----------+-------------+------------+-------------+-------------+------------+


1.3 Confidence Level
--------------------

+-----------------------------+------------+--------------------------------------------------------+--------------------------------------------------------------------------------------------------------------------+
| User Input Data             | Confidence | Details                                                | Action                                                                                                             |
+-----------------------------+------------+--------------------------------------------------------+--------------------------------------------------------------------------------------------------------------------+
| Design implementation state | High       | Design is routed                                       |                                                                                                                    |
| Clock nodes activity        | Low        | User specified less than 75% of clocks                 | Provide missing clock activity with a constraint file, simulation results or by editing the "By Clock Domain" view |
| I/O nodes activity          | Low        | More than 75% of inputs are missing user specification | Provide missing input activity with simulation results or by editing the "By Resource Type -> I/Os" view           |
| Internal nodes activity     | Medium     | User specified less than 25% of internal nodes         | Provide missing internal nodes activity with simulation results or by editing the "By Resource Type" views         |
| Device models               | High       | Device models are Production                           |                                                                                                                    |
|                             |            |                                                        |                                                                                                                    |
| Overall confidence level    | Low        |                                                        |                                                                                                                    |
+-----------------------------+------------+--------------------------------------------------------+--------------------------------------------------------------------------------------------------------------------+


2. Settings
-----------

2.1 Environment
---------------

+-----------------------+--------------------------+
| Ambient Temp (C)      | 25.0                     |
| ThetaJA (C/W)         | 5.0                      |
| Airflow (LFM)         | 250                      |
| Heat Sink             | medium (Medium Profile)  |
| ThetaSA (C/W)         | 4.6                      |
| Board Selection       | medium (10"x10")         |
| # of Board Layers     | 12to15 (12 to 15 Layers) |
| Board Temperature (C) | 25.0                     |
+-----------------------+--------------------------+


2.2 Clock Constraints
---------------------

+-------+--------+-----------------+
| Clock | Domain | Constraint (ns) |
+-------+--------+-----------------+


3. Detailed Reports
-------------------

3.1 By Hierarchy
----------------

+--------------------+-----------+
| Name               | Power (W) |
+--------------------+-----------+
| top_system         |    22.520 |
|   blink_inst       |     0.099 |
|   db_start         |     0.008 |
|   score_inst       |     0.616 |
|     sensor[0].db   |     0.089 |
|     sensor[1].db   |     0.091 |
|     sensor[2].db   |     0.079 |
|     sensor[3].db   |     0.082 |
|     sensor[4].db   |     0.094 |
|     sensor[5].db   |     0.081 |
|   seg_inst         |     0.091 |
|   timer_inst       |     0.248 |
|   vga_inst         |    11.391 |
|     blank_txt      |     0.059 |
|     bunting        |     1.942 |
|     bunting_rom    |     2.142 |
|       U0           |     2.142 |
|     can_rom        |     0.738 |
|       U0           |     0.738 |
|     cans[0].can_i  |     0.143 |
|     cans[1].can_i  |     0.007 |
|     cans[2].can_i  |     0.978 |
|     cans[3].can_i  |     0.099 |
|     cans[4].can_i  |     0.008 |
|     cans[5].can_i  |     0.995 |
|     game_txt       |     0.710 |
|       FONT_ROM     |     0.664 |
|     over_txt       |     0.459 |
|       FONT_ROM     |     0.459 |
|     point_txt      |     0.008 |
|     score_over_txt |     0.090 |
|     score_txt      |     0.066 |
|     shelf1         |     0.061 |
|     shelf2         |     0.081 |
|     shelf_rom      |     0.663 |
|       U0           |     0.663 |
|     sync           |     0.222 |
|     time_txt       |     0.659 |
|       FONT_ROM     |     0.598 |
|     welcome_txt    |     0.760 |
|       FONT_ROM     |     0.688 |
+--------------------+-----------+


